2014-04-13 21:52:59,066 [10] INFO  HomeSecureClientLogger - Application Started
2014-04-13 21:53:18,000 [13] ERROR HomeSecureClientLogger - Failed to notify security event to server
2014-04-13 21:55:43,750 [9] INFO  HomeSecureClientLogger - Application Started
2014-04-13 22:09:54,598 [10] INFO  HomeSecureClientLogger - Application Started
2014-04-13 22:10:10,688 [13] ERROR HomeSecureClientLogger - Failed to notify security event to server
2014-04-13 22:10:17,777 [13] ERROR HomeSecureClientLogger - Failed to notify security event to server
2014-04-13 22:10:32,989 [13] ERROR HomeSecureClientLogger - Failed to notify security event to server
2014-04-13 22:10:40,097 [13] ERROR HomeSecureClientLogger - Failed to notify security event to server
2014-04-17 23:14:49,502 [8] INFO  HomeSecureClientLogger - Application Started
2014-04-18 17:18:51,563 [8] INFO  HomeSecureClientLogger - Application Started
2014-04-22 21:20:57,027 [9] INFO  HomeSecureClientLogger - Application Started
2014-04-22 21:22:11,670 [10] INFO  HomeSecureClientLogger - Application Started
2014-04-22 21:22:45,318 [10] INFO  HomeSecureClientLogger - Application Started
2014-04-22 21:22:54,850 [10] INFO  HomeSecureClientLogger - Application Started
2014-04-22 21:23:26,637 [9] INFO  HomeSecureClientLogger - Application Started
2014-04-22 21:25:02,471 [9] INFO  HomeSecureClientLogger - Application Started
2014-04-22 21:25:15,598 [9] INFO  HomeSecureClientLogger - Application Started
2014-04-22 21:26:41,428 [9] INFO  HomeSecureClientLogger - Application Started
2014-04-22 21:26:43,172 [9] DEBUG HomeSecureClientLogger - Could not detect camera device
2014-04-22 21:28:38,832 [9] INFO  HomeSecureClientLogger - Application Started
2014-04-22 21:28:40,541 [9] DEBUG HomeSecureClientLogger - Could not detect camera device
2014-04-22 21:29:08,156 [10] INFO  HomeSecureClientLogger - Application Started
2014-04-22 21:30:05,903 [13] ERROR HomeSecureClientLogger - Failed to notify security event to server
2014-04-22 21:30:17,524 [13] ERROR HomeSecureClientLogger - Failed to notify security event to server
2014-04-22 21:44:42,162 [8] INFO  HomeSecureClientLogger - Application Started
2014-04-22 21:46:58,056 [10] INFO  HomeSecureClientLogger - Application Started
2014-04-22 21:48:00,136 [9] INFO  HomeSecureClientLogger - Application Started
2014-04-22 21:48:58,544 [9] INFO  HomeSecureClientLogger - Application Started
2014-04-22 21:51:24,003 [10] INFO  HomeSecureClientLogger - Application Started
2014-04-22 21:51:43,978 [10] INFO  HomeSecureClientLogger - Application Started
2014-04-22 21:51:54,296 [10] INFO  HomeSecureClientLogger - Application Started
2014-04-22 21:55:40,379 [9] INFO  HomeSecureClientLogger - Application Started
2014-04-22 21:56:07,300 [8] INFO  HomeSecureClientLogger - Application Started
2014-04-25 11:39:28,142 [7] INFO  HomeSecureClientLogger - Application Started
2014-04-25 11:41:44,256 [9] INFO  HomeSecureClientLogger - Application Started
2014-04-25 11:42:12,442 [8] INFO  HomeSecureClientLogger - Application Started
2014-04-25 11:42:27,600 [9] INFO  HomeSecureClientLogger - Application Started
2014-04-25 11:42:41,762 [10] INFO  HomeSecureClientLogger - Application Started
2014-04-25 11:43:38,664 [9] INFO  HomeSecureClientLogger - Application Started
2014-04-25 11:45:58,964 [8] INFO  HomeSecureClientLogger - Application Started
2014-04-25 11:46:51,865 [10] INFO  HomeSecureClientLogger - Application Started
2014-04-25 11:49:24,439 [9] INFO  HomeSecureClientLogger - Application Started
2014-04-25 11:51:01,084 [8] INFO  HomeSecureClientLogger - Application Started
2014-04-25 11:52:24,942 [9] INFO  HomeSecureClientLogger - Application Started
2014-04-25 11:52:40,366 [9] INFO  HomeSecureClientLogger - Application Started
2014-04-25 11:58:45,471 [9] INFO  HomeSecureClientLogger - Application Started
2014-04-25 11:59:33,554 [10] INFO  HomeSecureClientLogger - Application Started
2014-04-25 12:04:55,650 [10] INFO  HomeSecureClientLogger - Application Started
2014-04-25 12:12:33,225 [10] INFO  HomeSecureClientLogger - Application Started
2014-04-25 12:13:47,224 [9] INFO  HomeSecureClientLogger - Application Started
2014-04-25 12:14:11,626 [11] INFO  HomeSecureClientLogger - Application Started
2014-04-25 12:16:48,268 [9] INFO  HomeSecureClientLogger - Application Started
2014-04-25 12:18:16,606 [9] INFO  HomeSecureClientLogger - Application Started
2014-04-25 17:26:11,216 [9] INFO  HomeSecureClientLogger - Application Started
2014-05-07 15:38:38,303 [10] INFO  HomeSecureClientLogger - Application Started
2014-05-07 15:41:05,142 [8] INFO  HomeSecureClientLogger - Application Started
2014-05-07 15:54:20,474 [9] INFO  HomeSecureClientLogger - Application Started
2014-05-07 15:55:55,700 [8] INFO  HomeSecureClientLogger - Application Started
2014-05-07 15:58:54,240 [9] INFO  HomeSecureClientLogger - Application Started
2014-05-07 16:11:28,677 [9] INFO  HomeSecureClientLogger - Application Started
2014-05-07 16:12:28,344 [8] INFO  HomeSecureClientLogger - Application Started
2014-05-07 16:13:20,519 [8] INFO  HomeSecureClientLogger - Application Started
2014-05-07 16:15:56,455 [10] INFO  HomeSecureClientLogger - Application Started
2014-05-10 16:18:17,624 [9] INFO  HomeSecureClientLogger - Application Started
2014-05-10 16:20:46,387 [10] INFO  HomeSecureClientLogger - Application Started
2014-05-10 16:20:56,674 [10] INFO  HomeSecureClientLogger - Application Started
2014-05-10 16:21:43,820 [9] INFO  HomeSecureClientLogger - Application Started
2014-05-10 17:03:08,400 [9] INFO  HomeSecureClientLogger - Application Started
2014-05-10 17:03:28,506 [9] INFO  HomeSecureClientLogger - Application Started
2014-05-10 17:03:42,533 [10] INFO  HomeSecureClientLogger - Application Started
2014-05-10 17:04:34,465 [1] INFO  HomeSecureClientLogger - Application Started
2014-05-10 17:04:50,768 [1] INFO  HomeSecureClientLogger - Application Started
2014-05-10 17:05:10,482 [9] INFO  HomeSecureClientLogger - Application Started
2014-05-10 17:06:07,053 [10] INFO  HomeSecureClientLogger - Application Started
2014-05-10 17:06:08,642 [10] DEBUG HomeSecureClientLogger - Could not detect camera device
2014-05-10 17:06:22,989 [10] INFO  HomeSecureClientLogger - Application Started
2014-05-10 17:06:24,582 [10] DEBUG HomeSecureClientLogger - Could not detect camera device
2014-05-10 17:06:47,036 [9] INFO  HomeSecureClientLogger - Application Started
2014-05-10 17:07:33,405 [10] INFO  HomeSecureClientLogger - Application Started
2014-05-10 17:08:28,420 [15] ERROR HomeSecureClientLogger - Failed to notify security event to server
2014-05-10 17:08:58,960 [15] ERROR HomeSecureClientLogger - Failed to notify security event to server
2014-05-10 17:09:06,654 [15] ERROR HomeSecureClientLogger - Failed to notify security event to server
2014-05-10 17:09:36,010 [15] ERROR HomeSecureClientLogger - Failed to notify security event to server
2014-05-10 17:17:43,862 [9] INFO  HomeSecureClientLogger - Application Started
2014-05-10 17:22:50,648 [9] INFO  HomeSecureClientLogger - Application Started
2014-05-10 17:24:59,205 [9] INFO  HomeSecureClientLogger - Application Started
2014-05-10 17:25:09,207 [10] INFO  HomeSecureClientLogger - Application Started
2014-05-10 17:25:16,250 [15] ERROR HomeSecureClientLogger - Failed to send email notification
System.ArgumentOutOfRangeException: Specified argument was out of the range of valid values.
Parameter name: port
   at System.Net.Mail.SmtpClient..ctor(String host, Int32 port)
   at HomeSecure.Client.Logic.Notifications.EmailSecurityEventSubscriber.Notify(SecurityEvent securityEvent) in D:\DEV\HomeSecure\HomeSecure.Logic\Notifications\EmailSecurityEventSubscriber.cs:line 49
2014-05-10 17:25:16,265 [15] ERROR HomeSecureClientLogger - Failed to send email notification
System.ArgumentOutOfRangeException: Specified argument was out of the range of valid values.
Parameter name: port
   at System.Net.Mail.SmtpClient..ctor(String host, Int32 port)
   at HomeSecure.Client.Logic.Notifications.EmailSecurityEventSubscriber.Notify(SecurityEvent securityEvent) in D:\DEV\HomeSecure\HomeSecure.Logic\Notifications\EmailSecurityEventSubscriber.cs:line 49
2014-05-10 17:25:19,586 [15] ERROR HomeSecureClientLogger - Failed to notify security event to server
2014-05-10 17:26:08,274 [15] ERROR HomeSecureClientLogger - Failed to send email notification
System.ArgumentOutOfRangeException: Specified argument was out of the range of valid values.
Parameter name: port
   at System.Net.Mail.SmtpClient..ctor(String host, Int32 port)
   at HomeSecure.Client.Logic.Notifications.EmailSecurityEventSubscriber.Notify(SecurityEvent securityEvent) in D:\DEV\HomeSecure\HomeSecure.Logic\Notifications\EmailSecurityEventSubscriber.cs:line 49
2014-05-10 17:26:08,285 [15] ERROR HomeSecureClientLogger - Failed to send email notification
System.ArgumentOutOfRangeException: Specified argument was out of the range of valid values.
Parameter name: port
   at System.Net.Mail.SmtpClient..ctor(String host, Int32 port)
   at HomeSecure.Client.Logic.Notifications.EmailSecurityEventSubscriber.Notify(SecurityEvent securityEvent) in D:\DEV\HomeSecure\HomeSecure.Logic\Notifications\EmailSecurityEventSubscriber.cs:line 49
2014-05-10 17:26:10,512 [15] ERROR HomeSecureClientLogger - Failed to notify security event to server
2014-05-10 17:26:58,698 [15] ERROR HomeSecureClientLogger - Failed to send email notification
System.ArgumentOutOfRangeException: Specified argument was out of the range of valid values.
Parameter name: port
   at System.Net.Mail.SmtpClient..ctor(String host, Int32 port)
   at HomeSecure.Client.Logic.Notifications.EmailSecurityEventSubscriber.Notify(SecurityEvent securityEvent) in D:\DEV\HomeSecure\HomeSecure.Logic\Notifications\EmailSecurityEventSubscriber.cs:line 49
2014-05-10 17:26:58,709 [15] ERROR HomeSecureClientLogger - Failed to send email notification
System.ArgumentOutOfRangeException: Specified argument was out of the range of valid values.
Parameter name: port
   at System.Net.Mail.SmtpClient..ctor(String host, Int32 port)
   at HomeSecure.Client.Logic.Notifications.EmailSecurityEventSubscriber.Notify(SecurityEvent securityEvent) in D:\DEV\HomeSecure\HomeSecure.Logic\Notifications\EmailSecurityEventSubscriber.cs:line 49
2014-05-10 17:27:00,910 [15] ERROR HomeSecureClientLogger - Failed to notify security event to server
2014-05-10 17:27:11,650 [10] INFO  HomeSecureClientLogger - Application Started
2014-05-10 17:30:15,308 [9] INFO  HomeSecureClientLogger - Application Started
2014-05-10 17:30:42,274 [10] INFO  HomeSecureClientLogger - Application Started
2014-05-10 17:30:55,407 [10] INFO  HomeSecureClientLogger - Application Started
2014-05-10 17:31:37,340 [15] ERROR HomeSecureClientLogger - Failed to notify security event to server
2014-05-10 17:31:56,004 [15] ERROR HomeSecureClientLogger - Failed to notify security event to server
2014-05-10 17:33:11,770 [8] INFO  HomeSecureClientLogger - Application Started
2014-05-10 17:33:28,748 [14] INFO  HomeSecureClientLogger - Email notification sent to shlomyshivek@gmail.com
2014-05-10 17:33:31,204 [14] ERROR HomeSecureClientLogger - Failed to notify security event to server
2014-05-10 17:33:45,003 [14] INFO  HomeSecureClientLogger - Email notification sent to shlomyshivek@gmail.com
2014-05-10 17:33:47,286 [14] ERROR HomeSecureClientLogger - Failed to notify security event to server
2014-05-10 17:33:52,457 [14] INFO  HomeSecureClientLogger - Email notification sent to shlomyshivek@gmail.com
2014-05-10 17:33:54,765 [14] ERROR HomeSecureClientLogger - Failed to notify security event to server
2014-05-10 17:54:49,054 [14] INFO  HomeSecureClientLogger - Email notification sent to shlomyshivek@gmail.com
2014-05-10 17:54:51,344 [14] ERROR HomeSecureClientLogger - Failed to notify security event to server
2014-05-10 18:45:48,876 [14] INFO  HomeSecureClientLogger - Email notification sent to shlomyshivek@gmail.com
2014-05-10 18:45:51,181 [14] ERROR HomeSecureClientLogger - Failed to notify security event to server
2014-05-10 18:45:57,523 [14] INFO  HomeSecureClientLogger - Email notification sent to shlomyshivek@gmail.com
2014-05-10 18:45:59,806 [14] ERROR HomeSecureClientLogger - Failed to notify security event to server
2014-05-10 19:26:51,207 [14] INFO  HomeSecureClientLogger - Email notification sent to shlomyshivek@gmail.com
2014-05-10 19:26:53,503 [14] ERROR HomeSecureClientLogger - Failed to notify security event to server
2014-05-10 20:01:36,202 [14] INFO  HomeSecureClientLogger - Email notification sent to shlomyshivek@gmail.com
2014-05-10 20:01:38,575 [14] ERROR HomeSecureClientLogger - Failed to notify security event to server
2014-05-10 21:16:01,538 [14] INFO  HomeSecureClientLogger - Email notification sent to shlomyshivek@gmail.com
2014-05-10 21:16:03,832 [14] ERROR HomeSecureClientLogger - Failed to notify security event to server
